<?xml version="1.0" encoding="UTF-8"?>
<testsuite xmlns:xsi="http://www.w3.org/2001/XMLSchema-instance" xsi:noNamespaceSchemaLocation="https://maven.apache.org/surefire/maven-surefire-plugin/xsd/surefire-test-report-3.0.xsd" version="3.0" name="tests.Authorization.AuthorizationTest" time="6.434" tests="1" errors="0" skipped="0" failures="0">
  <properties>
    <property name="java.specification.version" value="13"/>
    <property name="webdriver.chrome.driver" value="src/main/resources/drivers/chromedriver"/>
    <property name="sun.jnu.encoding" value="UTF-8"/>
    <property name="java.class.path" value="/Users/aleksandrgnuskin/Documents/QA_Automation/Foxminded_Selenium_Postgres_DB_JUnit5/target/test-classes:/Users/aleksandrgnuskin/Documents/QA_Automation/Foxminded_Selenium_Postgres_DB_JUnit5/target/classes:/Users/aleksandrgnuskin/.m2/repository/org/seleniumhq/selenium/selenium-java/4.2.0/selenium-java-4.2.0.jar:/Users/aleksandrgnuskin/.m2/repository/org/seleniumhq/selenium/selenium-api/4.2.0/selenium-api-4.2.0.jar:/Users/aleksandrgnuskin/.m2/repository/org/seleniumhq/selenium/selenium-chrome-driver/4.2.0/selenium-chrome-driver-4.2.0.jar:/Users/aleksandrgnuskin/.m2/repository/com/google/auto/service/auto-service-annotations/1.0.1/auto-service-annotations-1.0.1.jar:/Users/aleksandrgnuskin/.m2/repository/com/google/auto/service/auto-service/1.0.1/auto-service-1.0.1.jar:/Users/aleksandrgnuskin/.m2/repository/com/google/auto/auto-common/1.2/auto-common-1.2.jar:/Users/aleksandrgnuskin/.m2/repository/com/google/guava/guava/31.1-jre/guava-31.1-jre.jar:/Users/aleksandrgnuskin/.m2/repository/com/google/guava/failureaccess/1.0.1/failureaccess-1.0.1.jar:/Users/aleksandrgnuskin/.m2/repository/com/google/guava/listenablefuture/9999.0-empty-to-avoid-conflict-with-guava/listenablefuture-9999.0-empty-to-avoid-conflict-with-guava.jar:/Users/aleksandrgnuskin/.m2/repository/com/google/code/findbugs/jsr305/3.0.2/jsr305-3.0.2.jar:/Users/aleksandrgnuskin/.m2/repository/com/google/errorprone/error_prone_annotations/2.11.0/error_prone_annotations-2.11.0.jar:/Users/aleksandrgnuskin/.m2/repository/com/google/j2objc/j2objc-annotations/1.3/j2objc-annotations-1.3.jar:/Users/aleksandrgnuskin/.m2/repository/org/seleniumhq/selenium/selenium-chromium-driver/4.2.0/selenium-chromium-driver-4.2.0.jar:/Users/aleksandrgnuskin/.m2/repository/org/seleniumhq/selenium/selenium-json/4.2.0/selenium-json-4.2.0.jar:/Users/aleksandrgnuskin/.m2/repository/org/seleniumhq/selenium/selenium-devtools-v100/4.2.0/selenium-devtools-v100-4.2.0.jar:/Users/aleksandrgnuskin/.m2/repository/org/seleniumhq/selenium/selenium-devtools-v101/4.2.0/selenium-devtools-v101-4.2.0.jar:/Users/aleksandrgnuskin/.m2/repository/org/seleniumhq/selenium/selenium-devtools-v102/4.2.0/selenium-devtools-v102-4.2.0.jar:/Users/aleksandrgnuskin/.m2/repository/org/seleniumhq/selenium/selenium-devtools-v85/4.2.0/selenium-devtools-v85-4.2.0.jar:/Users/aleksandrgnuskin/.m2/repository/org/seleniumhq/selenium/selenium-edge-driver/4.2.0/selenium-edge-driver-4.2.0.jar:/Users/aleksandrgnuskin/.m2/repository/org/seleniumhq/selenium/selenium-firefox-driver/4.2.0/selenium-firefox-driver-4.2.0.jar:/Users/aleksandrgnuskin/.m2/repository/org/seleniumhq/selenium/selenium-ie-driver/4.2.0/selenium-ie-driver-4.2.0.jar:/Users/aleksandrgnuskin/.m2/repository/org/seleniumhq/selenium/selenium-opera-driver/4.2.0/selenium-opera-driver-4.2.0.jar:/Users/aleksandrgnuskin/.m2/repository/org/seleniumhq/selenium/selenium-remote-driver/4.2.0/selenium-remote-driver-4.2.0.jar:/Users/aleksandrgnuskin/.m2/repository/com/beust/jcommander/1.82/jcommander-1.82.jar:/Users/aleksandrgnuskin/.m2/repository/io/netty/netty-buffer/4.1.77.Final/netty-buffer-4.1.77.Final.jar:/Users/aleksandrgnuskin/.m2/repository/io/netty/netty-codec-http/4.1.77.Final/netty-codec-http-4.1.77.Final.jar:/Users/aleksandrgnuskin/.m2/repository/io/netty/netty-codec/4.1.77.Final/netty-codec-4.1.77.Final.jar:/Users/aleksandrgnuskin/.m2/repository/io/netty/netty-handler/4.1.77.Final/netty-handler-4.1.77.Final.jar:/Users/aleksandrgnuskin/.m2/repository/io/netty/netty-common/4.1.77.Final/netty-common-4.1.77.Final.jar:/Users/aleksandrgnuskin/.m2/repository/io/netty/netty-transport-classes-epoll/4.1.77.Final/netty-transport-classes-epoll-4.1.77.Final.jar:/Users/aleksandrgnuskin/.m2/repository/io/netty/netty-transport-classes-kqueue/4.1.77.Final/netty-transport-classes-kqueue-4.1.77.Final.jar:/Users/aleksandrgnuskin/.m2/repository/io/netty/netty-transport-native-epoll/4.1.77.Final/netty-transport-native-epoll-4.1.77.Final.jar:/Users/aleksandrgnuskin/.m2/repository/io/netty/netty-transport-native-kqueue/4.1.77.Final/netty-transport-native-kqueue-4.1.77.Final.jar:/Users/aleksandrgnuskin/.m2/repository/io/netty/netty-transport-native-unix-common/4.1.77.Final/netty-transport-native-unix-common-4.1.77.Final.jar:/Users/aleksandrgnuskin/.m2/repository/io/netty/netty-transport/4.1.77.Final/netty-transport-4.1.77.Final.jar:/Users/aleksandrgnuskin/.m2/repository/io/netty/netty-resolver/4.1.77.Final/netty-resolver-4.1.77.Final.jar:/Users/aleksandrgnuskin/.m2/repository/io/opentelemetry/opentelemetry-api/1.14.0/opentelemetry-api-1.14.0.jar:/Users/aleksandrgnuskin/.m2/repository/io/opentelemetry/opentelemetry-context/1.14.0/opentelemetry-context-1.14.0.jar:/Users/aleksandrgnuskin/.m2/repository/io/opentelemetry/opentelemetry-exporter-logging/1.14.0/opentelemetry-exporter-logging-1.14.0.jar:/Users/aleksandrgnuskin/.m2/repository/io/opentelemetry/opentelemetry-sdk-metrics/1.14.0/opentelemetry-sdk-metrics-1.14.0.jar:/Users/aleksandrgnuskin/.m2/repository/io/opentelemetry/opentelemetry-sdk-logs/1.14.0-alpha/opentelemetry-sdk-logs-1.14.0-alpha.jar:/Users/aleksandrgnuskin/.m2/repository/io/opentelemetry/opentelemetry-sdk-common/1.14.0/opentelemetry-sdk-common-1.14.0.jar:/Users/aleksandrgnuskin/.m2/repository/io/opentelemetry/opentelemetry-sdk-extension-autoconfigure-spi/1.14.0/opentelemetry-sdk-extension-autoconfigure-spi-1.14.0.jar:/Users/aleksandrgnuskin/.m2/repository/io/opentelemetry/opentelemetry-sdk-extension-autoconfigure/1.14.0-alpha/opentelemetry-sdk-extension-autoconfigure-1.14.0-alpha.jar:/Users/aleksandrgnuskin/.m2/repository/io/opentelemetry/opentelemetry-sdk-trace/1.14.0/opentelemetry-sdk-trace-1.14.0.jar:/Users/aleksandrgnuskin/.m2/repository/io/opentelemetry/opentelemetry-sdk/1.14.0/opentelemetry-sdk-1.14.0.jar:/Users/aleksandrgnuskin/.m2/repository/io/opentelemetry/opentelemetry-semconv/1.14.0-alpha/opentelemetry-semconv-1.14.0-alpha.jar:/Users/aleksandrgnuskin/.m2/repository/io/ous/jtoml/2.0.0/jtoml-2.0.0.jar:/Users/aleksandrgnuskin/.m2/repository/net/bytebuddy/byte-buddy/1.12.10/byte-buddy-1.12.10.jar:/Users/aleksandrgnuskin/.m2/repository/org/apache/commons/commons-exec/1.3/commons-exec-1.3.jar:/Users/aleksandrgnuskin/.m2/repository/org/asynchttpclient/async-http-client/2.12.3/async-http-client-2.12.3.jar:/Users/aleksandrgnuskin/.m2/repository/org/asynchttpclient/async-http-client-netty-utils/2.12.3/async-http-client-netty-utils-2.12.3.jar:/Users/aleksandrgnuskin/.m2/repository/io/netty/netty-codec-socks/4.1.60.Final/netty-codec-socks-4.1.60.Final.jar:/Users/aleksandrgnuskin/.m2/repository/io/netty/netty-handler-proxy/4.1.60.Final/netty-handler-proxy-4.1.60.Final.jar:/Users/aleksandrgnuskin/.m2/repository/io/netty/netty-transport-native-epoll/4.1.60.Final/netty-transport-native-epoll-4.1.60.Final-linux-x86_64.jar:/Users/aleksandrgnuskin/.m2/repository/io/netty/netty-transport-native-kqueue/4.1.60.Final/netty-transport-native-kqueue-4.1.60.Final-osx-x86_64.jar:/Users/aleksandrgnuskin/.m2/repository/org/reactivestreams/reactive-streams/1.0.3/reactive-streams-1.0.3.jar:/Users/aleksandrgnuskin/.m2/repository/com/typesafe/netty/netty-reactive-streams/2.0.4/netty-reactive-streams-2.0.4.jar:/Users/aleksandrgnuskin/.m2/repository/org/slf4j/slf4j-api/1.7.30/slf4j-api-1.7.30.jar:/Users/aleksandrgnuskin/.m2/repository/com/sun/activation/jakarta.activation/1.2.2/jakarta.activation-1.2.2.jar:/Users/aleksandrgnuskin/.m2/repository/org/seleniumhq/selenium/selenium-http/4.2.0/selenium-http-4.2.0.jar:/Users/aleksandrgnuskin/.m2/repository/dev/failsafe/failsafe/3.2.4/failsafe-3.2.4.jar:/Users/aleksandrgnuskin/.m2/repository/org/seleniumhq/selenium/selenium-safari-driver/4.2.0/selenium-safari-driver-4.2.0.jar:/Users/aleksandrgnuskin/.m2/repository/org/seleniumhq/selenium/selenium-support/4.2.0/selenium-support-4.2.0.jar:/Users/aleksandrgnuskin/.m2/repository/org/junit/jupiter/junit-jupiter-api/5.8.2/junit-jupiter-api-5.8.2.jar:/Users/aleksandrgnuskin/.m2/repository/org/opentest4j/opentest4j/1.2.0/opentest4j-1.2.0.jar:/Users/aleksandrgnuskin/.m2/repository/org/junit/platform/junit-platform-commons/1.8.2/junit-platform-commons-1.8.2.jar:/Users/aleksandrgnuskin/.m2/repository/org/apiguardian/apiguardian-api/1.1.2/apiguardian-api-1.1.2.jar:/Users/aleksandrgnuskin/.m2/repository/org/junit/jupiter/junit-jupiter-engine/5.8.2/junit-jupiter-engine-5.8.2.jar:/Users/aleksandrgnuskin/.m2/repository/org/junit/platform/junit-platform-engine/1.8.2/junit-platform-engine-1.8.2.jar:/Users/aleksandrgnuskin/.m2/repository/org/junit/platform/junit-platform-suite-engine/1.9.0-M1/junit-platform-suite-engine-1.9.0-M1.jar:/Users/aleksandrgnuskin/.m2/repository/org/junit/platform/junit-platform-suite-api/1.9.0-M1/junit-platform-suite-api-1.9.0-M1.jar:/Users/aleksandrgnuskin/.m2/repository/org/junit/platform/junit-platform-suite-commons/1.9.0-M1/junit-platform-suite-commons-1.9.0-M1.jar:/Users/aleksandrgnuskin/.m2/repository/org/junit/platform/junit-platform-launcher/1.9.0-M1/junit-platform-launcher-1.9.0-M1.jar:/Users/aleksandrgnuskin/.m2/repository/org/postgresql/postgresql/42.3.6/postgresql-42.3.6.jar:/Users/aleksandrgnuskin/.m2/repository/org/checkerframework/checker-qual/3.5.0/checker-qual-3.5.0.jar:/Users/aleksandrgnuskin/.m2/repository/org/apache/logging/log4j/log4j-core/2.17.1/log4j-core-2.17.1.jar:/Users/aleksandrgnuskin/.m2/repository/org/apache/logging/log4j/log4j-api/2.17.1/log4j-api-2.17.1.jar:/Users/aleksandrgnuskin/.m2/repository/commons-io/commons-io/2.11.0/commons-io-2.11.0.jar:"/>
    <property name="java.vm.vendor" value="Azul Systems, Inc."/>
    <property name="sun.arch.data.model" value="64"/>
    <property name="java.vendor.url" value="http://www.azul.com/"/>
    <property name="user.timezone" value="Europe/Lisbon"/>
    <property name="os.name" value="Mac OS X"/>
    <property name="java.vm.specification.version" value="13"/>
    <property name="sun.java.launcher" value="SUN_STANDARD"/>
    <property name="user.country" value="UA"/>
    <property name="sun.boot.library.path" value="/Users/aleksandrgnuskin/Library/Java/JavaVirtualMachines/azul-13.0.12/Contents/Home/lib"/>
    <property name="sun.java.command" value="/Users/aleksandrgnuskin/Documents/QA_Automation/Foxminded_Selenium_Postgres_DB_JUnit5/target/surefire/surefirebooter-20220911192719517_3.jar /Users/aleksandrgnuskin/Documents/QA_Automation/Foxminded_Selenium_Postgres_DB_JUnit5/target/surefire 2022-09-11T19-27-19_407-jvmRun1 surefire-20220911192719517_1tmp surefire_0-20220911192719517_2tmp"/>
    <property name="http.nonProxyHosts" value="local|*.local|169.254/16|*.169.254/16"/>
    <property name="jdk.debug" value="release"/>
    <property name="test" value="AuthorizationTest#testOpenApplication"/>
    <property name="surefire.test.class.path" value="/Users/aleksandrgnuskin/Documents/QA_Automation/Foxminded_Selenium_Postgres_DB_JUnit5/target/test-classes:/Users/aleksandrgnuskin/Documents/QA_Automation/Foxminded_Selenium_Postgres_DB_JUnit5/target/classes:/Users/aleksandrgnuskin/.m2/repository/org/seleniumhq/selenium/selenium-java/4.2.0/selenium-java-4.2.0.jar:/Users/aleksandrgnuskin/.m2/repository/org/seleniumhq/selenium/selenium-api/4.2.0/selenium-api-4.2.0.jar:/Users/aleksandrgnuskin/.m2/repository/org/seleniumhq/selenium/selenium-chrome-driver/4.2.0/selenium-chrome-driver-4.2.0.jar:/Users/aleksandrgnuskin/.m2/repository/com/google/auto/service/auto-service-annotations/1.0.1/auto-service-annotations-1.0.1.jar:/Users/aleksandrgnuskin/.m2/repository/com/google/auto/service/auto-service/1.0.1/auto-service-1.0.1.jar:/Users/aleksandrgnuskin/.m2/repository/com/google/auto/auto-common/1.2/auto-common-1.2.jar:/Users/aleksandrgnuskin/.m2/repository/com/google/guava/guava/31.1-jre/guava-31.1-jre.jar:/Users/aleksandrgnuskin/.m2/repository/com/google/guava/failureaccess/1.0.1/failureaccess-1.0.1.jar:/Users/aleksandrgnuskin/.m2/repository/com/google/guava/listenablefuture/9999.0-empty-to-avoid-conflict-with-guava/listenablefuture-9999.0-empty-to-avoid-conflict-with-guava.jar:/Users/aleksandrgnuskin/.m2/repository/com/google/code/findbugs/jsr305/3.0.2/jsr305-3.0.2.jar:/Users/aleksandrgnuskin/.m2/repository/com/google/errorprone/error_prone_annotations/2.11.0/error_prone_annotations-2.11.0.jar:/Users/aleksandrgnuskin/.m2/repository/com/google/j2objc/j2objc-annotations/1.3/j2objc-annotations-1.3.jar:/Users/aleksandrgnuskin/.m2/repository/org/seleniumhq/selenium/selenium-chromium-driver/4.2.0/selenium-chromium-driver-4.2.0.jar:/Users/aleksandrgnuskin/.m2/repository/org/seleniumhq/selenium/selenium-json/4.2.0/selenium-json-4.2.0.jar:/Users/aleksandrgnuskin/.m2/repository/org/seleniumhq/selenium/selenium-devtools-v100/4.2.0/selenium-devtools-v100-4.2.0.jar:/Users/aleksandrgnuskin/.m2/repository/org/seleniumhq/selenium/selenium-devtools-v101/4.2.0/selenium-devtools-v101-4.2.0.jar:/Users/aleksandrgnuskin/.m2/repository/org/seleniumhq/selenium/selenium-devtools-v102/4.2.0/selenium-devtools-v102-4.2.0.jar:/Users/aleksandrgnuskin/.m2/repository/org/seleniumhq/selenium/selenium-devtools-v85/4.2.0/selenium-devtools-v85-4.2.0.jar:/Users/aleksandrgnuskin/.m2/repository/org/seleniumhq/selenium/selenium-edge-driver/4.2.0/selenium-edge-driver-4.2.0.jar:/Users/aleksandrgnuskin/.m2/repository/org/seleniumhq/selenium/selenium-firefox-driver/4.2.0/selenium-firefox-driver-4.2.0.jar:/Users/aleksandrgnuskin/.m2/repository/org/seleniumhq/selenium/selenium-ie-driver/4.2.0/selenium-ie-driver-4.2.0.jar:/Users/aleksandrgnuskin/.m2/repository/org/seleniumhq/selenium/selenium-opera-driver/4.2.0/selenium-opera-driver-4.2.0.jar:/Users/aleksandrgnuskin/.m2/repository/org/seleniumhq/selenium/selenium-remote-driver/4.2.0/selenium-remote-driver-4.2.0.jar:/Users/aleksandrgnuskin/.m2/repository/com/beust/jcommander/1.82/jcommander-1.82.jar:/Users/aleksandrgnuskin/.m2/repository/io/netty/netty-buffer/4.1.77.Final/netty-buffer-4.1.77.Final.jar:/Users/aleksandrgnuskin/.m2/repository/io/netty/netty-codec-http/4.1.77.Final/netty-codec-http-4.1.77.Final.jar:/Users/aleksandrgnuskin/.m2/repository/io/netty/netty-codec/4.1.77.Final/netty-codec-4.1.77.Final.jar:/Users/aleksandrgnuskin/.m2/repository/io/netty/netty-handler/4.1.77.Final/netty-handler-4.1.77.Final.jar:/Users/aleksandrgnuskin/.m2/repository/io/netty/netty-common/4.1.77.Final/netty-common-4.1.77.Final.jar:/Users/aleksandrgnuskin/.m2/repository/io/netty/netty-transport-classes-epoll/4.1.77.Final/netty-transport-classes-epoll-4.1.77.Final.jar:/Users/aleksandrgnuskin/.m2/repository/io/netty/netty-transport-classes-kqueue/4.1.77.Final/netty-transport-classes-kqueue-4.1.77.Final.jar:/Users/aleksandrgnuskin/.m2/repository/io/netty/netty-transport-native-epoll/4.1.77.Final/netty-transport-native-epoll-4.1.77.Final.jar:/Users/aleksandrgnuskin/.m2/repository/io/netty/netty-transport-native-kqueue/4.1.77.Final/netty-transport-native-kqueue-4.1.77.Final.jar:/Users/aleksandrgnuskin/.m2/repository/io/netty/netty-transport-native-unix-common/4.1.77.Final/netty-transport-native-unix-common-4.1.77.Final.jar:/Users/aleksandrgnuskin/.m2/repository/io/netty/netty-transport/4.1.77.Final/netty-transport-4.1.77.Final.jar:/Users/aleksandrgnuskin/.m2/repository/io/netty/netty-resolver/4.1.77.Final/netty-resolver-4.1.77.Final.jar:/Users/aleksandrgnuskin/.m2/repository/io/opentelemetry/opentelemetry-api/1.14.0/opentelemetry-api-1.14.0.jar:/Users/aleksandrgnuskin/.m2/repository/io/opentelemetry/opentelemetry-context/1.14.0/opentelemetry-context-1.14.0.jar:/Users/aleksandrgnuskin/.m2/repository/io/opentelemetry/opentelemetry-exporter-logging/1.14.0/opentelemetry-exporter-logging-1.14.0.jar:/Users/aleksandrgnuskin/.m2/repository/io/opentelemetry/opentelemetry-sdk-metrics/1.14.0/opentelemetry-sdk-metrics-1.14.0.jar:/Users/aleksandrgnuskin/.m2/repository/io/opentelemetry/opentelemetry-sdk-logs/1.14.0-alpha/opentelemetry-sdk-logs-1.14.0-alpha.jar:/Users/aleksandrgnuskin/.m2/repository/io/opentelemetry/opentelemetry-sdk-common/1.14.0/opentelemetry-sdk-common-1.14.0.jar:/Users/aleksandrgnuskin/.m2/repository/io/opentelemetry/opentelemetry-sdk-extension-autoconfigure-spi/1.14.0/opentelemetry-sdk-extension-autoconfigure-spi-1.14.0.jar:/Users/aleksandrgnuskin/.m2/repository/io/opentelemetry/opentelemetry-sdk-extension-autoconfigure/1.14.0-alpha/opentelemetry-sdk-extension-autoconfigure-1.14.0-alpha.jar:/Users/aleksandrgnuskin/.m2/repository/io/opentelemetry/opentelemetry-sdk-trace/1.14.0/opentelemetry-sdk-trace-1.14.0.jar:/Users/aleksandrgnuskin/.m2/repository/io/opentelemetry/opentelemetry-sdk/1.14.0/opentelemetry-sdk-1.14.0.jar:/Users/aleksandrgnuskin/.m2/repository/io/opentelemetry/opentelemetry-semconv/1.14.0-alpha/opentelemetry-semconv-1.14.0-alpha.jar:/Users/aleksandrgnuskin/.m2/repository/io/ous/jtoml/2.0.0/jtoml-2.0.0.jar:/Users/aleksandrgnuskin/.m2/repository/net/bytebuddy/byte-buddy/1.12.10/byte-buddy-1.12.10.jar:/Users/aleksandrgnuskin/.m2/repository/org/apache/commons/commons-exec/1.3/commons-exec-1.3.jar:/Users/aleksandrgnuskin/.m2/repository/org/asynchttpclient/async-http-client/2.12.3/async-http-client-2.12.3.jar:/Users/aleksandrgnuskin/.m2/repository/org/asynchttpclient/async-http-client-netty-utils/2.12.3/async-http-client-netty-utils-2.12.3.jar:/Users/aleksandrgnuskin/.m2/repository/io/netty/netty-codec-socks/4.1.60.Final/netty-codec-socks-4.1.60.Final.jar:/Users/aleksandrgnuskin/.m2/repository/io/netty/netty-handler-proxy/4.1.60.Final/netty-handler-proxy-4.1.60.Final.jar:/Users/aleksandrgnuskin/.m2/repository/io/netty/netty-transport-native-epoll/4.1.60.Final/netty-transport-native-epoll-4.1.60.Final-linux-x86_64.jar:/Users/aleksandrgnuskin/.m2/repository/io/netty/netty-transport-native-kqueue/4.1.60.Final/netty-transport-native-kqueue-4.1.60.Final-osx-x86_64.jar:/Users/aleksandrgnuskin/.m2/repository/org/reactivestreams/reactive-streams/1.0.3/reactive-streams-1.0.3.jar:/Users/aleksandrgnuskin/.m2/repository/com/typesafe/netty/netty-reactive-streams/2.0.4/netty-reactive-streams-2.0.4.jar:/Users/aleksandrgnuskin/.m2/repository/org/slf4j/slf4j-api/1.7.30/slf4j-api-1.7.30.jar:/Users/aleksandrgnuskin/.m2/repository/com/sun/activation/jakarta.activation/1.2.2/jakarta.activation-1.2.2.jar:/Users/aleksandrgnuskin/.m2/repository/org/seleniumhq/selenium/selenium-http/4.2.0/selenium-http-4.2.0.jar:/Users/aleksandrgnuskin/.m2/repository/dev/failsafe/failsafe/3.2.4/failsafe-3.2.4.jar:/Users/aleksandrgnuskin/.m2/repository/org/seleniumhq/selenium/selenium-safari-driver/4.2.0/selenium-safari-driver-4.2.0.jar:/Users/aleksandrgnuskin/.m2/repository/org/seleniumhq/selenium/selenium-support/4.2.0/selenium-support-4.2.0.jar:/Users/aleksandrgnuskin/.m2/repository/org/junit/jupiter/junit-jupiter-api/5.8.2/junit-jupiter-api-5.8.2.jar:/Users/aleksandrgnuskin/.m2/repository/org/opentest4j/opentest4j/1.2.0/opentest4j-1.2.0.jar:/Users/aleksandrgnuskin/.m2/repository/org/junit/platform/junit-platform-commons/1.8.2/junit-platform-commons-1.8.2.jar:/Users/aleksandrgnuskin/.m2/repository/org/apiguardian/apiguardian-api/1.1.2/apiguardian-api-1.1.2.jar:/Users/aleksandrgnuskin/.m2/repository/org/junit/jupiter/junit-jupiter-engine/5.8.2/junit-jupiter-engine-5.8.2.jar:/Users/aleksandrgnuskin/.m2/repository/org/junit/platform/junit-platform-engine/1.8.2/junit-platform-engine-1.8.2.jar:/Users/aleksandrgnuskin/.m2/repository/org/junit/platform/junit-platform-suite-engine/1.9.0-M1/junit-platform-suite-engine-1.9.0-M1.jar:/Users/aleksandrgnuskin/.m2/repository/org/junit/platform/junit-platform-suite-api/1.9.0-M1/junit-platform-suite-api-1.9.0-M1.jar:/Users/aleksandrgnuskin/.m2/repository/org/junit/platform/junit-platform-suite-commons/1.9.0-M1/junit-platform-suite-commons-1.9.0-M1.jar:/Users/aleksandrgnuskin/.m2/repository/org/junit/platform/junit-platform-launcher/1.9.0-M1/junit-platform-launcher-1.9.0-M1.jar:/Users/aleksandrgnuskin/.m2/repository/org/postgresql/postgresql/42.3.6/postgresql-42.3.6.jar:/Users/aleksandrgnuskin/.m2/repository/org/checkerframework/checker-qual/3.5.0/checker-qual-3.5.0.jar:/Users/aleksandrgnuskin/.m2/repository/org/apache/logging/log4j/log4j-core/2.17.1/log4j-core-2.17.1.jar:/Users/aleksandrgnuskin/.m2/repository/org/apache/logging/log4j/log4j-api/2.17.1/log4j-api-2.17.1.jar:/Users/aleksandrgnuskin/.m2/repository/commons-io/commons-io/2.11.0/commons-io-2.11.0.jar:"/>
    <property name="sun.cpu.endian" value="little"/>
    <property name="user.home" value="/Users/aleksandrgnuskin"/>
    <property name="user.language" value="en"/>
    <property name="java.specification.vendor" value="Oracle Corporation"/>
    <property name="java.version.date" value="2022-07-19"/>
    <property name="java.home" value="/Users/aleksandrgnuskin/Library/Java/JavaVirtualMachines/azul-13.0.12/Contents/Home"/>
    <property name="file.separator" value="/"/>
    <property name="basedir" value="/Users/aleksandrgnuskin/Documents/QA_Automation/Foxminded_Selenium_Postgres_DB_JUnit5"/>
    <property name="java.vm.compressedOopsMode" value="Zero based"/>
    <property name="line.separator" value="&#10;"/>
    <property name="java.vm.specification.vendor" value="Oracle Corporation"/>
    <property name="jdk.vendor.version" value="Zulu13.50+15-CA"/>
    <property name="java.specification.name" value="Java Platform API Specification"/>
    <property name="surefire.real.class.path" value="/Users/aleksandrgnuskin/Documents/QA_Automation/Foxminded_Selenium_Postgres_DB_JUnit5/target/surefire/surefirebooter-20220911192719517_3.jar"/>
    <property name="sun.management.compiler" value="HotSpot 64-Bit Tiered Compilers"/>
    <property name="ftp.nonProxyHosts" value="local|*.local|169.254/16|*.169.254/16"/>
    <property name="java.runtime.version" value="13.0.12+4-MTS"/>
    <property name="user.name" value="aleksandrgnuskin"/>
    <property name="path.separator" value=":"/>
    <property name="os.version" value="12.4"/>
    <property name="java.runtime.name" value="OpenJDK Runtime Environment"/>
    <property name="file.encoding" value="UTF-8"/>
    <property name="java.vm.name" value="OpenJDK 64-Bit Server VM"/>
    <property name="java.vendor.version" value="Zulu13.50+15-CA"/>
    <property name="localRepository" value="/Users/aleksandrgnuskin/.m2/repository"/>
    <property name="java.vendor.url.bug" value="http://www.azul.com/support/"/>
    <property name="java.io.tmpdir" value="/var/folders/k7/v1b1731s15nbdxm32r505f_h0000gn/T/"/>
    <property name="java.version" value="13.0.12"/>
    <property name="user.dir" value="/Users/aleksandrgnuskin/Documents/QA_Automation/Foxminded_Selenium_Postgres_DB_JUnit5"/>
    <property name="os.arch" value="aarch64"/>
    <property name="java.vm.specification.name" value="Java Virtual Machine Specification"/>
    <property name="java.library.path" value="/Users/aleksandrgnuskin/Library/Java/Extensions:/Library/Java/Extensions:/Network/Library/Java/Extensions:/System/Library/Java/Extensions:/usr/lib/java:."/>
    <property name="java.vm.info" value="mixed mode"/>
    <property name="java.vendor" value="Azul Systems, Inc."/>
    <property name="java.vm.version" value="13.0.12+4-MTS"/>
    <property name="sun.io.unicode.encoding" value="UnicodeBig"/>
    <property name="socksNonProxyHosts" value="local|*.local|169.254/16|*.169.254/16"/>
    <property name="java.class.version" value="57.0"/>
  </properties>
  <testcase name="testOpenApplication" classname="tests.Authorization.AuthorizationTest" time="6.426">
    <system-out><![CDATA[[DEBUG] 2022-09-11 19:27:20.199 [main] InternalLoggerFactory - Using Log4J2 as the default logging framework
[DEBUG] 2022-09-11 19:27:20.204 [main] ResourceLeakDetector - -Dio.netty.leakDetection.level: simple
[DEBUG] 2022-09-11 19:27:20.204 [main] ResourceLeakDetector - -Dio.netty.leakDetection.targetRecords: 4
[DEBUG] 2022-09-11 19:27:20.206 [main] ResourceLeakDetectorFactory - Loaded default ResourceLeakDetector: io.netty.util.ResourceLeakDetector@1dfd5f51
[DEBUG] 2022-09-11 19:27:20.215 [main] PlatformDependent0 - -Dio.netty.noUnsafe: false
[DEBUG] 2022-09-11 19:27:20.215 [main] PlatformDependent0 - Java version: 13
[DEBUG] 2022-09-11 19:27:20.215 [main] PlatformDependent0 - sun.misc.Unsafe.theUnsafe: available
[DEBUG] 2022-09-11 19:27:20.216 [main] PlatformDependent0 - sun.misc.Unsafe.copyMemory: available
[DEBUG] 2022-09-11 19:27:20.216 [main] PlatformDependent0 - sun.misc.Unsafe.storeFence: available
[DEBUG] 2022-09-11 19:27:20.216 [main] PlatformDependent0 - java.nio.Buffer.address: available
[DEBUG] 2022-09-11 19:27:20.216 [main] PlatformDependent0 - direct buffer constructor: unavailable: Reflective setAccessible(true) disabled
[DEBUG] 2022-09-11 19:27:20.216 [main] PlatformDependent0 - java.nio.Bits.unaligned: available, true
[DEBUG] 2022-09-11 19:27:20.217 [main] PlatformDependent0 - jdk.internal.misc.Unsafe.allocateUninitializedArray(int): unavailable: class io.netty.util.internal.PlatformDependent0$7 cannot access class jdk.internal.misc.Unsafe (in module java.base) because module java.base does not export jdk.internal.misc to unnamed module @1c05a54d
[DEBUG] 2022-09-11 19:27:20.217 [main] PlatformDependent0 - java.nio.DirectByteBuffer.<init>(long, int): unavailable
[DEBUG] 2022-09-11 19:27:20.217 [main] PlatformDependent - sun.misc.Unsafe: available
[DEBUG] 2022-09-11 19:27:20.218 [main] PlatformDependent - maxDirectMemory: 4294967296 bytes (maybe)
[DEBUG] 2022-09-11 19:27:20.218 [main] PlatformDependent - -Dio.netty.tmpdir: /var/folders/k7/v1b1731s15nbdxm32r505f_h0000gn/T (java.io.tmpdir)
[DEBUG] 2022-09-11 19:27:20.218 [main] PlatformDependent - -Dio.netty.bitMode: 64 (sun.arch.data.model)
[DEBUG] 2022-09-11 19:27:20.218 [main] PlatformDependent - Platform: MacOS
[DEBUG] 2022-09-11 19:27:20.218 [main] PlatformDependent - -Dio.netty.maxDirectMemory: -1 bytes
[DEBUG] 2022-09-11 19:27:20.218 [main] PlatformDependent - -Dio.netty.uninitializedArrayAllocationThreshold: -1
[DEBUG] 2022-09-11 19:27:20.219 [main] CleanerJava9 - java.nio.ByteBuffer.cleaner(): available
[DEBUG] 2022-09-11 19:27:20.219 [main] PlatformDependent - -Dio.netty.noPreferDirect: false
[DEBUG] 2022-09-11 19:27:20.222 [main] PlatformDependent - org.jctools-core.MpscChunkedArrayQueue: available
[DEBUG] 2022-09-11 19:27:20.234 [main] InternalThreadLocalMap - -Dio.netty.threadLocalMap.stringBuilder.initialSize: 1024
[DEBUG] 2022-09-11 19:27:20.234 [main] InternalThreadLocalMap - -Dio.netty.threadLocalMap.stringBuilder.maxSize: 4096
[DEBUG] 2022-09-11 19:27:20.340 [main] JdkSslContext - Default protocols (JDK): [TLSv1.3, TLSv1.2] 
[DEBUG] 2022-09-11 19:27:20.341 [main] JdkSslContext - Default cipher suites (JDK): [TLS_ECDHE_ECDSA_WITH_AES_256_GCM_SHA384, TLS_ECDHE_ECDSA_WITH_AES_128_GCM_SHA256, TLS_ECDHE_RSA_WITH_AES_128_GCM_SHA256, TLS_ECDHE_RSA_WITH_AES_256_GCM_SHA384, TLS_ECDHE_RSA_WITH_AES_128_CBC_SHA, TLS_ECDHE_RSA_WITH_AES_256_CBC_SHA, TLS_RSA_WITH_AES_128_GCM_SHA256, TLS_RSA_WITH_AES_128_CBC_SHA, TLS_RSA_WITH_AES_256_CBC_SHA, TLS_AES_128_GCM_SHA256, TLS_AES_256_GCM_SHA384]
[DEBUG] 2022-09-11 19:27:20.352 [main] MultithreadEventLoopGroup - -Dio.netty.eventLoopThreads: 16
[DEBUG] 2022-09-11 19:27:20.357 [main] NioEventLoop - -Dio.netty.noKeySetOptimization: false
[DEBUG] 2022-09-11 19:27:20.357 [main] NioEventLoop - -Dio.netty.selectorAutoRebuildThreshold: 512
[DEBUG] 2022-09-11 19:27:20.370 [main] PooledByteBufAllocator - -Dio.netty.allocator.numHeapArenas: 16
[DEBUG] 2022-09-11 19:27:20.370 [main] PooledByteBufAllocator - -Dio.netty.allocator.numDirectArenas: 16
[DEBUG] 2022-09-11 19:27:20.370 [main] PooledByteBufAllocator - -Dio.netty.allocator.pageSize: 8192
[DEBUG] 2022-09-11 19:27:20.370 [main] PooledByteBufAllocator - -Dio.netty.allocator.maxOrder: 9
[DEBUG] 2022-09-11 19:27:20.370 [main] PooledByteBufAllocator - -Dio.netty.allocator.chunkSize: 4194304
[DEBUG] 2022-09-11 19:27:20.370 [main] PooledByteBufAllocator - -Dio.netty.allocator.smallCacheSize: 256
[DEBUG] 2022-09-11 19:27:20.370 [main] PooledByteBufAllocator - -Dio.netty.allocator.normalCacheSize: 64
[DEBUG] 2022-09-11 19:27:20.370 [main] PooledByteBufAllocator - -Dio.netty.allocator.maxCachedBufferCapacity: 32768
[DEBUG] 2022-09-11 19:27:20.370 [main] PooledByteBufAllocator - -Dio.netty.allocator.cacheTrimInterval: 8192
[DEBUG] 2022-09-11 19:27:20.370 [main] PooledByteBufAllocator - -Dio.netty.allocator.cacheTrimIntervalMillis: 0
[DEBUG] 2022-09-11 19:27:20.370 [main] PooledByteBufAllocator - -Dio.netty.allocator.useCacheForAllThreads: false
[DEBUG] 2022-09-11 19:27:20.370 [main] PooledByteBufAllocator - -Dio.netty.allocator.maxCachedByteBuffersPerChunk: 1023
[DEBUG] 2022-09-11 19:27:20.374 [main] ByteBufUtil - -Dio.netty.allocator.type: pooled
[DEBUG] 2022-09-11 19:27:20.374 [main] ByteBufUtil - -Dio.netty.threadLocalDirectBufferSize: 0
[DEBUG] 2022-09-11 19:27:20.374 [main] ByteBufUtil - -Dio.netty.maxThreadLocalCharBufferSize: 16384
[DEBUG] 2022-09-11 19:27:20.524 [Forwarding newSession on session null to remote] DefaultChannelId - -Dio.netty.processId: 14160 (auto-detected)
[DEBUG] 2022-09-11 19:27:20.525 [Forwarding newSession on session null to remote] NetUtil - -Djava.net.preferIPv4Stack: false
[DEBUG] 2022-09-11 19:27:20.525 [Forwarding newSession on session null to remote] NetUtil - -Djava.net.preferIPv6Addresses: false
[DEBUG] 2022-09-11 19:27:20.528 [Forwarding newSession on session null to remote] NetUtilInitializations - Loopback interface: lo0 (lo0, 0:0:0:0:0:0:0:1%lo0)
[DEBUG] 2022-09-11 19:27:20.528 [Forwarding newSession on session null to remote] NetUtil - Failed to get SOMAXCONN from sysctl and file /proc/sys/net/core/somaxconn. Default: 128
[DEBUG] 2022-09-11 19:27:20.529 [Forwarding newSession on session null to remote] DefaultChannelId - -Dio.netty.machineId: d4:3a:65:ff:fe:08:06:c8 (auto-detected)
[DEBUG] 2022-09-11 19:27:20.554 [AsyncHttpClient-1-2] AbstractByteBuf - -Dio.netty.buffer.checkAccessible: true
[DEBUG] 2022-09-11 19:27:20.554 [AsyncHttpClient-1-2] AbstractByteBuf - -Dio.netty.buffer.checkBounds: true
[DEBUG] 2022-09-11 19:27:20.554 [AsyncHttpClient-1-2] ResourceLeakDetectorFactory - Loaded default ResourceLeakDetector: io.netty.util.ResourceLeakDetector@38843018
[DEBUG] 2022-09-11 19:27:20.564 [AsyncHttpClient-1-2] Recycler - -Dio.netty.recycler.maxCapacityPerThread: 4096
[DEBUG] 2022-09-11 19:27:20.564 [AsyncHttpClient-1-2] Recycler - -Dio.netty.recycler.ratio: 8
[DEBUG] 2022-09-11 19:27:20.564 [AsyncHttpClient-1-2] Recycler - -Dio.netty.recycler.chunkSize: 32
[DEBUG] 2022-09-11 19:27:20.564 [AsyncHttpClient-1-2] Recycler - -Dio.netty.recycler.blocking: false
[DEBUG] 2022-09-11 19:27:21.520 [AsyncHttpClient-1-2] Brotli - brotli4j not in the classpath; Brotli support will be unavailable.
[DEBUG] 2022-09-11 19:27:21.581 [main] ThreadLocalRandom - -Dio.netty.initialSeedUniquifier: 0x2a31cb13ff6f03ab
[INFO ] 2022-09-11 19:27:25.944 [main] DepartmentsNewDepPage - pageIsVisible method
]]></system-out>
    <system-err><![CDATA[SLF4J: Failed to load class "org.slf4j.impl.StaticLoggerBinder".
SLF4J: Defaulting to no-operation (NOP) logger implementation
SLF4J: See http://www.slf4j.org/codes.html#StaticLoggerBinder for further details.
Starting ChromeDriver 104.0.5112.79 (3cf3e8c8a07d104b9e1260c910efb8f383285dc5-refs/branch-heads/5112@{#1307}) on port 58671
Only local connections are allowed.
Please see https://chromedriver.chromium.org/security-considerations for suggestions on keeping ChromeDriver safe.
ChromeDriver was started successfully.
[1662920841.498][WARNING]: This version of ChromeDriver has not been tested with Chrome version 105.
Sep 11, 2022 7:27:21 PM org.openqa.selenium.remote.ProtocolHandshake createSession
INFO: Detected upstream dialect: W3C
Sep 11, 2022 7:27:21 PM org.openqa.selenium.W3CCapabilityKeysValidator validateCapability
WARNING: Support for Legacy Capabilities is deprecated; You are sending "chrome" which is an invalid capability. Please update to W3C Syntax: https://www.selenium.dev/blog/2022/legacy-protocol-support/
Sep 11, 2022 7:27:21 PM org.openqa.selenium.W3CCapabilityKeysValidator validateCapability
WARNING: Support for Legacy Capabilities is deprecated; You are sending "chrome" which is an invalid capability. Please update to W3C Syntax: https://www.selenium.dev/blog/2022/legacy-protocol-support/
Sep 11, 2022 7:27:21 PM org.openqa.selenium.W3CCapabilityKeysValidator validateCapability
WARNING: Support for Legacy Capabilities is deprecated; You are sending "networkConnectionEnabled" which is an invalid capability. Please update to W3C Syntax: https://www.selenium.dev/blog/2022/legacy-protocol-support/
Sep 11, 2022 7:27:21 PM org.openqa.selenium.W3CCapabilityKeysValidator validateCapability
WARNING: Support for Legacy Capabilities is deprecated; You are sending "networkConnectionEnabled" which is an invalid capability. Please update to W3C Syntax: https://www.selenium.dev/blog/2022/legacy-protocol-support/
Sep 11, 2022 7:27:21 PM org.openqa.selenium.W3CCapabilityKeysValidator validateCapability
WARNING: Support for Legacy Capabilities is deprecated; You are sending "platform" which is an invalid capability. Please update to W3C Syntax: https://www.selenium.dev/blog/2022/legacy-protocol-support/
Sep 11, 2022 7:27:21 PM org.openqa.selenium.W3CCapabilityKeysValidator validateCapability
WARNING: Support for Legacy Capabilities is deprecated; You are sending "platform" which is an invalid capability. Please update to W3C Syntax: https://www.selenium.dev/blog/2022/legacy-protocol-support/
Sep 11, 2022 7:27:21 PM org.openqa.selenium.W3CCapabilityKeysValidator validateCapability
WARNING: Support for Legacy Capabilities is deprecated; You are sending "javascriptEnabled" which is an invalid capability. Please update to W3C Syntax: https://www.selenium.dev/blog/2022/legacy-protocol-support/
Sep 11, 2022 7:27:21 PM org.openqa.selenium.W3CCapabilityKeysValidator validateCapability
WARNING: Support for Legacy Capabilities is deprecated; You are sending "javascriptEnabled" which is an invalid capability. Please update to W3C Syntax: https://www.selenium.dev/blog/2022/legacy-protocol-support/
Sep 11, 2022 7:27:21 PM org.openqa.selenium.devtools.CdpVersionFinder findNearestMatch
WARNING: Unable to find an exact match for CDP version 105, so returning the closest version found: 102
Sep 11, 2022 7:27:21 PM org.openqa.selenium.devtools.CdpVersionFinder findNearestMatch
INFO: Found CDP implementation for version 105 of 102
Sep 11, 2022 7:27:21 PM org.openqa.selenium.W3CCapabilityKeysValidator validateCapability
WARNING: Support for Legacy Capabilities is deprecated; You are sending "chrome" which is an invalid capability. Please update to W3C Syntax: https://www.selenium.dev/blog/2022/legacy-protocol-support/
Sep 11, 2022 7:27:21 PM org.openqa.selenium.W3CCapabilityKeysValidator validateCapability
WARNING: Support for Legacy Capabilities is deprecated; You are sending "javascriptEnabled" which is an invalid capability. Please update to W3C Syntax: https://www.selenium.dev/blog/2022/legacy-protocol-support/
Sep 11, 2022 7:27:21 PM org.openqa.selenium.W3CCapabilityKeysValidator validateCapability
WARNING: Support for Legacy Capabilities is deprecated; You are sending "networkConnectionEnabled" which is an invalid capability. Please update to W3C Syntax: https://www.selenium.dev/blog/2022/legacy-protocol-support/
Sep 11, 2022 7:27:21 PM org.openqa.selenium.W3CCapabilityKeysValidator validateCapability
WARNING: Support for Legacy Capabilities is deprecated; You are sending "platform" which is an invalid capability. Please update to W3C Syntax: https://www.selenium.dev/blog/2022/legacy-protocol-support/
Sep 11, 2022 7:27:21 PM org.openqa.selenium.W3CCapabilityKeysValidator validateCapability
WARNING: Support for Legacy Capabilities is deprecated; You are sending "networkConnectionEnabled" which is an invalid capability. Please update to W3C Syntax: https://www.selenium.dev/blog/2022/legacy-protocol-support/
Sep 11, 2022 7:27:21 PM org.openqa.selenium.W3CCapabilityKeysValidator validateCapability
WARNING: Support for Legacy Capabilities is deprecated; You are sending "chrome" which is an invalid capability. Please update to W3C Syntax: https://www.selenium.dev/blog/2022/legacy-protocol-support/
Sep 11, 2022 7:27:21 PM org.openqa.selenium.W3CCapabilityKeysValidator validateCapability
WARNING: Support for Legacy Capabilities is deprecated; You are sending "platform" which is an invalid capability. Please update to W3C Syntax: https://www.selenium.dev/blog/2022/legacy-protocol-support/
Sep 11, 2022 7:27:21 PM org.openqa.selenium.W3CCapabilityKeysValidator validateCapability
WARNING: Support for Legacy Capabilities is deprecated; You are sending "javascriptEnabled" which is an invalid capability. Please update to W3C Syntax: https://www.selenium.dev/blog/2022/legacy-protocol-support/
Sep 11, 2022 7:27:21 PM org.openqa.selenium.W3CCapabilityKeysValidator validateCapability
WARNING: Support for Legacy Capabilities is deprecated; You are sending "networkConnectionEnabled" which is an invalid capability. Please update to W3C Syntax: https://www.selenium.dev/blog/2022/legacy-protocol-support/
Sep 11, 2022 7:27:21 PM org.openqa.selenium.W3CCapabilityKeysValidator validateCapability
WARNING: Support for Legacy Capabilities is deprecated; You are sending "chrome" which is an invalid capability. Please update to W3C Syntax: https://www.selenium.dev/blog/2022/legacy-protocol-support/
Sep 11, 2022 7:27:21 PM org.openqa.selenium.W3CCapabilityKeysValidator validateCapability
WARNING: Support for Legacy Capabilities is deprecated; You are sending "platform" which is an invalid capability. Please update to W3C Syntax: https://www.selenium.dev/blog/2022/legacy-protocol-support/
Sep 11, 2022 7:27:21 PM org.openqa.selenium.W3CCapabilityKeysValidator validateCapability
WARNING: Support for Legacy Capabilities is deprecated; You are sending "javascriptEnabled" which is an invalid capability. Please update to W3C Syntax: https://www.selenium.dev/blog/2022/legacy-protocol-support/
Sep 11, 2022 7:27:21 PM org.openqa.selenium.W3CCapabilityKeysValidator validateCapability
WARNING: Support for Legacy Capabilities is deprecated; You are sending "networkConnectionEnabled" which is an invalid capability. Please update to W3C Syntax: https://www.selenium.dev/blog/2022/legacy-protocol-support/
Sep 11, 2022 7:27:21 PM org.openqa.selenium.W3CCapabilityKeysValidator validateCapability
WARNING: Support for Legacy Capabilities is deprecated; You are sending "chrome" which is an invalid capability. Please update to W3C Syntax: https://www.selenium.dev/blog/2022/legacy-protocol-support/
Sep 11, 2022 7:27:21 PM org.openqa.selenium.W3CCapabilityKeysValidator validateCapability
WARNING: Support for Legacy Capabilities is deprecated; You are sending "platform" which is an invalid capability. Please update to W3C Syntax: https://www.selenium.dev/blog/2022/legacy-protocol-support/
Sep 11, 2022 7:27:21 PM org.openqa.selenium.W3CCapabilityKeysValidator validateCapability
WARNING: Support for Legacy Capabilities is deprecated; You are sending "javascriptEnabled" which is an invalid capability. Please update to W3C Syntax: https://www.selenium.dev/blog/2022/legacy-protocol-support/
Sep 11, 2022 7:27:21 PM org.openqa.selenium.W3CCapabilityKeysValidator validateCapability
WARNING: Support for Legacy Capabilities is deprecated; You are sending "chrome" which is an invalid capability. Please update to W3C Syntax: https://www.selenium.dev/blog/2022/legacy-protocol-support/
Sep 11, 2022 7:27:21 PM org.openqa.selenium.W3CCapabilityKeysValidator validateCapability
WARNING: Support for Legacy Capabilities is deprecated; You are sending "javascriptEnabled" which is an invalid capability. Please update to W3C Syntax: https://www.selenium.dev/blog/2022/legacy-protocol-support/
Sep 11, 2022 7:27:21 PM org.openqa.selenium.W3CCapabilityKeysValidator validateCapability
WARNING: Support for Legacy Capabilities is deprecated; You are sending "networkConnectionEnabled" which is an invalid capability. Please update to W3C Syntax: https://www.selenium.dev/blog/2022/legacy-protocol-support/
Sep 11, 2022 7:27:21 PM org.openqa.selenium.W3CCapabilityKeysValidator validateCapability
WARNING: Support for Legacy Capabilities is deprecated; You are sending "platform" which is an invalid capability. Please update to W3C Syntax: https://www.selenium.dev/blog/2022/legacy-protocol-support/
]]></system-err>
  </testcase>
</testsuite>